<?xml version="1.0" encoding="UTF-8"?>
<testsuite xmlns:xsi="http://www.w3.org/2001/XMLSchema-instance" xsi:noNamespaceSchemaLocation="https://maven.apache.org/surefire/maven-surefire-plugin/xsd/surefire-test-report.xsd" name="uk.ac.ed.inf.aqmaps.AppTest" time="0" tests="1" errors="0" skipped="0" failures="0">
  <properties>
    <property name="sun.desktop" value="gnome"/>
    <property name="awt.toolkit" value="sun.awt.X11.XToolkit"/>
    <property name="java.specification.version" value="11"/>
    <property name="sun.cpu.isalist" value=""/>
    <property name="sun.jnu.encoding" value="UTF-8"/>
    <property name="java.class.path" value="/home/maks/Git/Informatics-Large-Practical-2020/aqmaps/target/test-classes:/home/maks/Git/Informatics-Large-Practical-2020/aqmaps/target/classes:/home/maks/.m2/repository/org/locationtech/jts/jts-core/1.17.1/jts-core-1.17.1.jar:/home/maks/.m2/repository/org/mockito/mockito-all/1.10.19/mockito-all-1.10.19.jar:/home/maks/.m2/repository/org/mockito/mockito-junit-jupiter/2.23.0/mockito-junit-jupiter-2.23.0.jar:/home/maks/.m2/repository/org/mockito/mockito-core/2.23.0/mockito-core-2.23.0.jar:/home/maks/.m2/repository/net/bytebuddy/byte-buddy/1.9.0/byte-buddy-1.9.0.jar:/home/maks/.m2/repository/net/bytebuddy/byte-buddy-agent/1.9.0/byte-buddy-agent-1.9.0.jar:/home/maks/.m2/repository/org/objenesis/objenesis/2.6/objenesis-2.6.jar:/home/maks/.m2/repository/com/google/code/gson/gson/2.8.6/gson-2.8.6.jar:/home/maks/.m2/repository/com/mapbox/mapboxsdk/mapbox-sdk-geojson/5.5.0/mapbox-sdk-geojson-5.5.0.jar:/home/maks/.m2/repository/org/junit/jupiter/junit-jupiter-api/5.7.0/junit-jupiter-api-5.7.0.jar:/home/maks/.m2/repository/org/apiguardian/apiguardian-api/1.1.0/apiguardian-api-1.1.0.jar:/home/maks/.m2/repository/org/opentest4j/opentest4j/1.2.0/opentest4j-1.2.0.jar:/home/maks/.m2/repository/org/junit/platform/junit-platform-commons/1.7.0/junit-platform-commons-1.7.0.jar:/home/maks/.m2/repository/org/junit/jupiter/junit-jupiter-engine/5.7.0/junit-jupiter-engine-5.7.0.jar:/home/maks/.m2/repository/org/junit/platform/junit-platform-engine/1.7.0/junit-platform-engine-1.7.0.jar:"/>
    <property name="java.vm.vendor" value="Oracle Corporation"/>
    <property name="sun.arch.data.model" value="64"/>
    <property name="java.vendor.url" value="http://java.oracle.com/"/>
    <property name="user.timezone" value=""/>
    <property name="java.vm.specification.version" value="11"/>
    <property name="os.name" value="Linux"/>
    <property name="sun.java.launcher" value="SUN_STANDARD"/>
    <property name="user.country" value="GB"/>
    <property name="sun.boot.library.path" value="/home/maks/.jabba/jdk/openjdk@1.11.0-2/lib"/>
    <property name="sun.java.command" value="/home/maks/Git/Informatics-Large-Practical-2020/aqmaps/target/surefire/surefirebooter12752357814932217692.jar /home/maks/Git/Informatics-Large-Practical-2020/aqmaps/target/surefire 2020-11-01T19-07-03_147-jvmRun1 surefire9920851272512625637tmp surefire_04950195603754338976tmp"/>
    <property name="jdk.debug" value="release"/>
    <property name="surefire.test.class.path" value="/home/maks/Git/Informatics-Large-Practical-2020/aqmaps/target/test-classes:/home/maks/Git/Informatics-Large-Practical-2020/aqmaps/target/classes:/home/maks/.m2/repository/org/locationtech/jts/jts-core/1.17.1/jts-core-1.17.1.jar:/home/maks/.m2/repository/org/mockito/mockito-all/1.10.19/mockito-all-1.10.19.jar:/home/maks/.m2/repository/org/mockito/mockito-junit-jupiter/2.23.0/mockito-junit-jupiter-2.23.0.jar:/home/maks/.m2/repository/org/mockito/mockito-core/2.23.0/mockito-core-2.23.0.jar:/home/maks/.m2/repository/net/bytebuddy/byte-buddy/1.9.0/byte-buddy-1.9.0.jar:/home/maks/.m2/repository/net/bytebuddy/byte-buddy-agent/1.9.0/byte-buddy-agent-1.9.0.jar:/home/maks/.m2/repository/org/objenesis/objenesis/2.6/objenesis-2.6.jar:/home/maks/.m2/repository/com/google/code/gson/gson/2.8.6/gson-2.8.6.jar:/home/maks/.m2/repository/com/mapbox/mapboxsdk/mapbox-sdk-geojson/5.5.0/mapbox-sdk-geojson-5.5.0.jar:/home/maks/.m2/repository/org/junit/jupiter/junit-jupiter-api/5.7.0/junit-jupiter-api-5.7.0.jar:/home/maks/.m2/repository/org/apiguardian/apiguardian-api/1.1.0/apiguardian-api-1.1.0.jar:/home/maks/.m2/repository/org/opentest4j/opentest4j/1.2.0/opentest4j-1.2.0.jar:/home/maks/.m2/repository/org/junit/platform/junit-platform-commons/1.7.0/junit-platform-commons-1.7.0.jar:/home/maks/.m2/repository/org/junit/jupiter/junit-jupiter-engine/5.7.0/junit-jupiter-engine-5.7.0.jar:/home/maks/.m2/repository/org/junit/platform/junit-platform-engine/1.7.0/junit-platform-engine-1.7.0.jar:"/>
    <property name="sun.cpu.endian" value="little"/>
    <property name="user.home" value="/home/maks"/>
    <property name="user.language" value="en"/>
    <property name="java.specification.vendor" value="Oracle Corporation"/>
    <property name="java.version.date" value="2019-01-15"/>
    <property name="java.home" value="/home/maks/.jabba/jdk/openjdk@1.11.0-2"/>
    <property name="file.separator" value="/"/>
    <property name="basedir" value="/home/maks/Git/Informatics-Large-Practical-2020/aqmaps"/>
    <property name="java.vm.compressedOopsMode" value="Zero based"/>
    <property name="line.separator" value="&#10;"/>
    <property name="java.specification.name" value="Java Platform API Specification"/>
    <property name="java.vm.specification.vendor" value="Oracle Corporation"/>
    <property name="java.awt.graphicsenv" value="sun.awt.X11GraphicsEnvironment"/>
    <property name="surefire.real.class.path" value="/home/maks/Git/Informatics-Large-Practical-2020/aqmaps/target/surefire/surefirebooter12752357814932217692.jar"/>
    <property name="sun.management.compiler" value="HotSpot 64-Bit Tiered Compilers"/>
    <property name="java.runtime.version" value="11.0.2+9"/>
    <property name="user.name" value="maks"/>
    <property name="path.separator" value=":"/>
    <property name="os.version" value="5.4.0-52-generic"/>
    <property name="java.runtime.name" value="OpenJDK Runtime Environment"/>
    <property name="file.encoding" value="UTF-8"/>
    <property name="java.vm.name" value="OpenJDK 64-Bit Server VM"/>
    <property name="java.vendor.version" value="18.9"/>
    <property name="localRepository" value="/home/maks/.m2/repository"/>
    <property name="java.vendor.url.bug" value="http://bugreport.java.com/bugreport/"/>
    <property name="java.io.tmpdir" value="/tmp"/>
    <property name="java.version" value="11.0.2"/>
    <property name="user.dir" value="/home/maks/Git/Informatics-Large-Practical-2020/aqmaps"/>
    <property name="os.arch" value="amd64"/>
    <property name="java.vm.specification.name" value="Java Virtual Machine Specification"/>
    <property name="java.awt.printerjob" value="sun.print.PSPrinterJob"/>
    <property name="sun.os.patch.level" value="unknown"/>
    <property name="java.library.path" value="/opt/ros/noetic/lib:/usr/java/packages/lib:/usr/lib64:/lib64:/lib:/usr/lib"/>
    <property name="java.vendor" value="Oracle Corporation"/>
    <property name="java.vm.info" value="mixed mode"/>
    <property name="java.vm.version" value="11.0.2+9"/>
    <property name="sun.io.unicode.encoding" value="UnicodeLittle"/>
    <property name="java.class.version" value="55.0"/>
  </properties>
  <testcase name="shouldAnswerWithTrue" classname="uk.ac.ed.inf.aqmaps.AppTest" time="0"/>
</testsuite>